<?xml version="1.0" encoding="UTF-8" ?>
<testsuite tests="1" failures="0" name="mesy.controller.CustControllerTest" time="0.544" errors="1" skipped="0">
  <properties>
[...]
</properties>
  <testcase classname="mesy.controller.CustControllerTest" name="getSendedMsgList" time="0.544">
    <error message="nested exception is org.apache.ibatis.builder.IncompleteElementException: Could not find parameter map mesy.message.hashmap" type="org.mybatis.spring.MyBatisSystemException">org.mybatis.spring.MyBatisSystemException: nested exception is org.apache.ibatis.builder.IncompleteElementException: Could not find parameter map mesy.message.hashmap
	at org.mybatis.spring.MyBatisExceptionTranslator.translateExceptionIfPossible(MyBatisExceptionTranslator.java:77)
	at org.mybatis.spring.SqlSessionTemplate$SqlSessionInterceptor.invoke(SqlSessionTemplate.java:446)
	at com.sun.proxy.$Proxy26.selectList(Unknown Source)
	at org.mybatis.spring.SqlSessionTemplate.selectList(SqlSessionTemplate.java:222)
	at mesy.controller.CustControllerTest.getSendedMsgList(CustControllerTest.java:38)
	at sun.reflect.NativeMethodAccessorImpl.invoke0(Native Method)
	at sun.reflect.NativeMethodAccessorImpl.invoke(NativeMethodAccessorImpl.java:62)
	at sun.reflect.DelegatingMethodAccessorImpl.invoke(DelegatingMethodAccessorImpl.java:43)
	at java.lang.reflect.Method.invoke(Method.java:498)
	at org.junit.runners.model.FrameworkMethod$1.runReflectiveCall(FrameworkMethod.java:50)
	at org.junit.internal.runners.model.ReflectiveCallable.run(ReflectiveCallable.java:12)
	at org.junit.runners.model.FrameworkMethod.invokeExplosively(FrameworkMethod.java:47)
	at org.junit.internal.runners.statements.InvokeMethod.evaluate(InvokeMethod.java:17)
	at org.springframework.test.context.junit4.statements.RunBeforeTestMethodCallbacks.evaluate(RunBeforeTestMethodCallbacks.java:75)
	at org.springframework.test.context.junit4.statements.RunAfterTestMethodCallbacks.evaluate(RunAfterTestMethodCallbacks.java:86)
	at org.springframework.test.context.junit4.statements.SpringRepeat.evaluate(SpringRepeat.java:84)
	at org.junit.runners.ParentRunner.runLeaf(ParentRunner.java:325)
	at org.springframework.test.context.junit4.SpringJUnit4ClassRunner.runChild(SpringJUnit4ClassRunner.java:252)
	at org.springframework.test.context.junit4.SpringJUnit4ClassRunner.runChild(SpringJUnit4ClassRunner.java:94)
	at org.junit.runners.ParentRunner$3.run(ParentRunner.java:290)
	at org.junit.runners.ParentRunner$1.schedule(ParentRunner.java:71)
	at org.junit.runners.ParentRunner.runChildren(ParentRunner.java:288)
	at org.junit.runners.ParentRunner.access$000(ParentRunner.java:58)
	at org.junit.runners.ParentRunner$2.evaluate(ParentRunner.java:268)
	at org.springframework.test.context.junit4.statements.RunBeforeTestClassCallbacks.evaluate(RunBeforeTestClassCallbacks.java:61)
	at org.springframework.test.context.junit4.statements.RunAfterTestClassCallbacks.evaluate(RunAfterTestClassCallbacks.java:70)
	at org.junit.runners.ParentRunner.run(ParentRunner.java:363)
	at org.springframework.test.context.junit4.SpringJUnit4ClassRunner.run(SpringJUnit4ClassRunner.java:191)
	at org.apache.maven.surefire.junit4.JUnit4Provider.execute(JUnit4Provider.java:252)
	at org.apache.maven.surefire.junit4.JUnit4Provider.executeTestSet(JUnit4Provider.java:141)
	at org.apache.maven.surefire.junit4.JUnit4Provider.invoke(JUnit4Provider.java:112)
	at sun.reflect.NativeMethodAccessorImpl.invoke0(Native Method)
	at sun.reflect.NativeMethodAccessorImpl.invoke(NativeMethodAccessorImpl.java:62)
	at sun.reflect.DelegatingMethodAccessorImpl.invoke(DelegatingMethodAccessorImpl.java:43)
	at java.lang.reflect.Method.invoke(Method.java:498)
	at org.apache.maven.surefire.util.ReflectionUtils.invokeMethodWithArray(ReflectionUtils.java:189)
	at org.apache.maven.surefire.booter.ProviderFactory$ProviderProxy.invoke(ProviderFactory.java:165)
	at org.apache.maven.surefire.booter.ProviderFactory.invokeProvider(ProviderFactory.java:85)
	at org.apache.maven.surefire.booter.ForkedBooter.runSuitesInProcess(ForkedBooter.java:115)
	at org.apache.maven.surefire.booter.ForkedBooter.main(ForkedBooter.java:75)
Caused by: org.apache.ibatis.builder.IncompleteElementException: Could not find parameter map mesy.message.hashmap
	at org.apache.ibatis.builder.MapperBuilderAssistant.getStatementParameterMap(MapperBuilderAssistant.java:320)
	at org.apache.ibatis.builder.MapperBuilderAssistant.addMappedStatement(MapperBuilderAssistant.java:296)
	at org.apache.ibatis.builder.xml.XMLStatementBuilder.parseStatementNode(XMLStatementBuilder.java:109)
	at org.apache.ibatis.session.Configuration.buildAllStatements(Configuration.java:775)
	at org.apache.ibatis.session.Configuration.getMappedStatement(Configuration.java:706)
	at org.apache.ibatis.session.Configuration.getMappedStatement(Configuration.java:701)
	at org.apache.ibatis.session.defaults.DefaultSqlSession.selectList(DefaultSqlSession.java:147)
	at org.apache.ibatis.session.defaults.DefaultSqlSession.selectList(DefaultSqlSession.java:141)
	at org.apache.ibatis.session.defaults.DefaultSqlSession.selectList(DefaultSqlSession.java:136)
	at sun.reflect.NativeMethodAccessorImpl.invoke0(Native Method)
	at sun.reflect.NativeMethodAccessorImpl.invoke(NativeMethodAccessorImpl.java:62)
	at sun.reflect.DelegatingMethodAccessorImpl.invoke(DelegatingMethodAccessorImpl.java:43)
	at java.lang.reflect.Method.invoke(Method.java:498)
	at org.mybatis.spring.SqlSessionTemplate$SqlSessionInterceptor.invoke(SqlSessionTemplate.java:433)
	... 38 more
Caused by: java.lang.IllegalArgumentException: Parameter Maps collection does not contain value for mesy.message.hashmap
	at org.apache.ibatis.session.Configuration$StrictMap.get(Configuration.java:875)
	at org.apache.ibatis.session.Configuration.getParameterMap(Configuration.java:647)
	at org.apache.ibatis.builder.MapperBuilderAssistant.getStatementParameterMap(MapperBuilderAssistant.java:318)
	... 51 more
</error>
    <system-out>&gt;&gt; INFO  17:03:32.623 [main] o.s.t.c.s.AbstractTestContextBootstrapper.getDefaultTestExecutionListenerClassNames:248 - Loaded default TestExecutionListener class names from location [META-INF/spring.factories]: [org.springframework.test.context.web.ServletTestExecutionListener, org.springframework.test.context.support.DirtiesContextBeforeModesTestExecutionListener, org.springframework.test.context.support.DependencyInjectionTestExecutionListener, org.springframework.test.context.support.DirtiesContextTestExecutionListener, org.springframework.test.context.transaction.TransactionalTestExecutionListener, org.springframework.test.context.jdbc.SqlScriptsTestExecutionListener]
&gt;&gt; INFO  17:03:32.648 [main] o.s.t.c.s.AbstractTestContextBootstrapper.getTestExecutionListeners:174 - Using TestExecutionListeners: [org.springframework.test.context.web.ServletTestExecutionListener@588df31b, org.springframework.test.context.support.DirtiesContextBeforeModesTestExecutionListener@33b37288, org.springframework.test.context.support.DependencyInjectionTestExecutionListener@77a57272, org.springframework.test.context.support.DirtiesContextTestExecutionListener@7181ae3f, org.springframework.test.context.transaction.TransactionalTestExecutionListener@46238e3f, org.springframework.test.context.jdbc.SqlScriptsTestExecutionListener@6e2c9341]
&gt;&gt; INFO  17:03:32.763 [main] o.s.c.s.AbstractApplicationContext.prepareRefresh:583 - Refreshing org.springframework.context.support.GenericApplicationContext@23a5fd2: startup date [Fri Nov 30 17:03:32 KST 2018]; root of context hierarchy
&gt;&gt; INFO  17:03:33.222 [main] o.s.j.d.DriverManagerDataSource.setDriverClassName:133 - Loaded JDBC driver: org.mariadb.jdbc.Driver
&gt;&gt; INFO  17:03:33.508 [main] o.s.j.d.DriverManagerDataSource.setDriverClassName:133 - Loaded JDBC driver: org.mariadb.jdbc.Driver
&gt;&gt; INFO  17:03:34.067 [main] o.s.t.c.t.TransactionContext.startTransaction:106 - Began transaction (1) for test context [DefaultTestContext@42530531 testClass = CustControllerTest, testInstance = mesy.controller.CustControllerTest@5a3bc7ed, testMethod = getSendedMsgList@CustControllerTest, testException = [null], mergedContextConfiguration = [MergedContextConfiguration@55c53a33 testClass = CustControllerTest, locations = &apos;{}&apos;, classes = &apos;{class mesy.config.Db1DataConfig, class mesy.config.Db2DataConfig}&apos;, contextInitializerClasses = &apos;[]&apos;, activeProfiles = &apos;{}&apos;, propertySourceLocations = &apos;{}&apos;, propertySourceProperties = &apos;{}&apos;, contextCustomizers = set[[empty]], contextLoader = &apos;org.springframework.test.context.support.DelegatingSmartContextLoader&apos;, parent = [null]]]; transaction manager [org.springframework.jdbc.datasource.DataSourceTransactionManager@181e731e]; rollback [true]
&gt;&gt; INFO  17:03:34.145 [main] o.s.t.c.t.TransactionContext.endTransaction:140 - Rolled back transaction for test: [DefaultTestContext@42530531 testClass = CustControllerTest, testInstance = mesy.controller.CustControllerTest@5a3bc7ed, testMethod = getSendedMsgList@CustControllerTest, testException = org.mybatis.spring.MyBatisSystemException: nested exception is org.apache.ibatis.builder.IncompleteElementException: Could not find parameter map mesy.message.hashmap, mergedContextConfiguration = [MergedContextConfiguration@55c53a33 testClass = CustControllerTest, locations = &apos;{}&apos;, classes = &apos;{class mesy.config.Db1DataConfig, class mesy.config.Db2DataConfig}&apos;, contextInitializerClasses = &apos;[]&apos;, activeProfiles = &apos;{}&apos;, propertySourceLocations = &apos;{}&apos;, propertySourceProperties = &apos;{}&apos;, contextCustomizers = set[[empty]], contextLoader = &apos;org.springframework.test.context.support.DelegatingSmartContextLoader&apos;, parent = [null]]]
</system-out>
  </testcase>
</testsuite>